<?xml version="1.0" encoding="UTF-8"?>
<testsuite name="com.example.TacoCloud.controller.OrderControllerTest" tests="3" skipped="0" failures="0" errors="0" timestamp="2022-11-03T15:17:04" hostname="joui-MacBookAir.local" time="0.129">
  <properties/>
  <testcase name="orderForm()" classname="com.example.TacoCloud.controller.OrderControllerTest" time="0.056"/>
  <testcase name="processOrderHasValidationError()" classname="com.example.TacoCloud.controller.OrderControllerTest" time="0.053"/>
  <testcase name="processOrder()" classname="com.example.TacoCloud.controller.OrderControllerTest" time="0.016"/>
  <system-out><![CDATA[2022-11-04 00:17:04.382  INFO 3497 --- [    Test worker] .b.t.a.w.s.WebMvcTestContextBootstrapper : Neither @ContextConfiguration nor @ContextHierarchy found for test class [com.example.TacoCloud.controller.OrderControllerTest], using SpringBootContextLoader
2022-11-04 00:17:04.385  INFO 3497 --- [    Test worker] o.s.t.c.support.AbstractContextLoader    : Could not detect default resource locations for test class [com.example.TacoCloud.controller.OrderControllerTest]: no resource found for suffixes {-context.xml, Context.groovy}.
2022-11-04 00:17:04.385  INFO 3497 --- [    Test worker] t.c.s.AnnotationConfigContextLoaderUtils : Could not detect default configuration classes for test class [com.example.TacoCloud.controller.OrderControllerTest]: OrderControllerTest does not declare any static, non-private, non-final, nested classes annotated with @Configuration.
2022-11-04 00:17:04.394  INFO 3497 --- [    Test worker] .b.t.c.SpringBootTestContextBootstrapper : Found @SpringBootConfiguration com.example.TacoCloud.TacoCloudApplication for test class com.example.TacoCloud.controller.OrderControllerTest
2022-11-04 00:17:04.395  INFO 3497 --- [    Test worker] .b.t.a.w.s.WebMvcTestContextBootstrapper : Loaded default TestExecutionListener class names from location [META-INF/spring.factories]: [org.springframework.boot.test.autoconfigure.restdocs.RestDocsTestExecutionListener, org.springframework.boot.test.autoconfigure.web.client.MockRestServiceServerResetTestExecutionListener, org.springframework.boot.test.autoconfigure.web.servlet.MockMvcPrintOnlyOnFailureTestExecutionListener, org.springframework.boot.test.autoconfigure.web.servlet.WebDriverTestExecutionListener, org.springframework.boot.test.autoconfigure.webservices.client.MockWebServiceServerTestExecutionListener, org.springframework.boot.test.mock.mockito.MockitoTestExecutionListener, org.springframework.boot.test.mock.mockito.ResetMocksTestExecutionListener, org.springframework.test.context.web.ServletTestExecutionListener, org.springframework.test.context.support.DirtiesContextBeforeModesTestExecutionListener, org.springframework.test.context.event.ApplicationEventsTestExecutionListener, org.springframework.test.context.support.DependencyInjectionTestExecutionListener, org.springframework.test.context.support.DirtiesContextTestExecutionListener, org.springframework.test.context.transaction.TransactionalTestExecutionListener, org.springframework.test.context.jdbc.SqlScriptsTestExecutionListener, org.springframework.test.context.event.EventPublishingTestExecutionListener]
2022-11-04 00:17:04.396  INFO 3497 --- [    Test worker] .b.t.a.w.s.WebMvcTestContextBootstrapper : Using TestExecutionListeners: [org.springframework.test.context.web.ServletTestExecutionListener@4882b9a, org.springframework.test.context.support.DirtiesContextBeforeModesTestExecutionListener@7ec508e6, org.springframework.test.context.event.ApplicationEventsTestExecutionListener@26d8908e, org.springframework.boot.test.mock.mockito.MockitoTestExecutionListener@30e2016a, org.springframework.boot.test.autoconfigure.SpringBootDependencyInjectionTestExecutionListener@75f32817, org.springframework.test.context.support.DirtiesContextTestExecutionListener@23a78c77, org.springframework.test.context.event.EventPublishingTestExecutionListener@4119346d, org.springframework.boot.test.autoconfigure.restdocs.RestDocsTestExecutionListener@61d09475, org.springframework.boot.test.autoconfigure.web.client.MockRestServiceServerResetTestExecutionListener@d0fabc8, org.springframework.boot.test.autoconfigure.web.servlet.MockMvcPrintOnlyOnFailureTestExecutionListener@12d44a2a, org.springframework.boot.test.autoconfigure.web.servlet.WebDriverTestExecutionListener@1a66be41, org.springframework.boot.test.autoconfigure.webservices.client.MockWebServiceServerTestExecutionListener@7f70e244, org.springframework.boot.test.mock.mockito.ResetMocksTestExecutionListener@fd14789]

  .   ____          _            __ _ _
 /\\ / ___'_ __ _ _(_)_ __  __ _ \ \ \ \
( ( )\___ | '_ | '_| | '_ \/ _` | \ \ \ \
 \\/  ___)| |_)| | | | | || (_| |  ) ) ) )
  '  |____| .__|_| |_|_| |_\__, | / / / /
 =========|_|==============|___/=/_/_/_/
 :: Spring Boot ::                (v2.7.5)

2022-11-04 00:17:04.430  INFO 3497 --- [    Test worker] c.e.T.controller.OrderControllerTest     : Starting OrderControllerTest using Java 11.0.14.1 on joui-MacBookAir.local with PID 3497 (started by jo in /Users/jo/TacoCloud)
2022-11-04 00:17:04.431  INFO 3497 --- [    Test worker] c.e.T.controller.OrderControllerTest     : No active profile set, falling back to 1 default profile: "default"
2022-11-04 00:17:04.931  INFO 3497 --- [    Test worker] o.s.b.t.m.w.SpringBootMockServletContext : Initializing Spring TestDispatcherServlet ''
2022-11-04 00:17:04.932  INFO 3497 --- [    Test worker] o.s.t.web.servlet.TestDispatcherServlet  : Initializing Servlet ''
2022-11-04 00:17:04.933  INFO 3497 --- [    Test worker] o.s.t.web.servlet.TestDispatcherServlet  : Completed initialization in 1 ms
2022-11-04 00:17:04.948  INFO 3497 --- [    Test worker] c.e.T.controller.OrderControllerTest     : Started OrderControllerTest in 0.549 seconds (JVM running for 8.469)
2022-11-04 00:17:05.071  INFO 3497 --- [    Test worker] c.e.T.controller.OrderController         : Order submitted: com.example.TacoCloud.domain.Order@388e4c25

MockHttpServletRequest:
      HTTP Method = POST
      Request URI = /orders
       Parameters = {deliveryName=[haha], deliveryStreet=[haha], deliveryCity=[haha], deliveryState=[haha], deliveryZip=[haha], ccNumber=[371449635398431], ccExpiration=[07/95], ccCVV=[23]}
          Headers = []
             Body = null
    Session Attrs = {}

Handler:
             Type = com.example.TacoCloud.controller.OrderController
           Method = com.example.TacoCloud.controller.OrderController#processOrder(Order, Errors)

Async:
    Async started = false
     Async result = null

Resolved Exception:
             Type = null

ModelAndView:
        View name = redirect:/
             View = null
            Model = null

FlashMap:
       Attributes = null

MockHttpServletResponse:
           Status = 302
    Error message = null
          Headers = [Content-Language:"en", Location:"/"]
     Content type = null
             Body = 
    Forwarded URL = null
   Redirected URL = /
          Cookies = []
]]></system-out>
  <system-err><![CDATA[]]></system-err>
</testsuite>
