<?xml version="1.0" encoding="UTF-8"?>
<testsuite name="com.example.TacoCloud.controller.HomeControllerTest" tests="1" skipped="0" failures="0" errors="0" timestamp="2022-11-03T15:22:26" hostname="joui-MacBookAir.local" time="0.15">
  <properties/>
  <testcase name="home()" classname="com.example.TacoCloud.controller.HomeControllerTest" time="0.15"/>
  <system-out><![CDATA[2022-11-04 00:22:25.236  INFO 3838 --- [    Test worker] .b.t.a.w.s.WebMvcTestContextBootstrapper : Neither @ContextConfiguration nor @ContextHierarchy found for test class [com.example.TacoCloud.controller.HomeControllerTest], using SpringBootContextLoader
2022-11-04 00:22:25.238  INFO 3838 --- [    Test worker] o.s.t.c.support.AbstractContextLoader    : Could not detect default resource locations for test class [com.example.TacoCloud.controller.HomeControllerTest]: no resource found for suffixes {-context.xml, Context.groovy}.
2022-11-04 00:22:25.239  INFO 3838 --- [    Test worker] t.c.s.AnnotationConfigContextLoaderUtils : Could not detect default configuration classes for test class [com.example.TacoCloud.controller.HomeControllerTest]: HomeControllerTest does not declare any static, non-private, non-final, nested classes annotated with @Configuration.
2022-11-04 00:22:25.260  INFO 3838 --- [    Test worker] .b.t.c.SpringBootTestContextBootstrapper : Found @SpringBootConfiguration com.example.TacoCloud.TacoCloudApplication for test class com.example.TacoCloud.controller.HomeControllerTest
2022-11-04 00:22:25.262  INFO 3838 --- [    Test worker] .b.t.a.w.s.WebMvcTestContextBootstrapper : Loaded default TestExecutionListener class names from location [META-INF/spring.factories]: [org.springframework.boot.test.autoconfigure.restdocs.RestDocsTestExecutionListener, org.springframework.boot.test.autoconfigure.web.client.MockRestServiceServerResetTestExecutionListener, org.springframework.boot.test.autoconfigure.web.servlet.MockMvcPrintOnlyOnFailureTestExecutionListener, org.springframework.boot.test.autoconfigure.web.servlet.WebDriverTestExecutionListener, org.springframework.boot.test.autoconfigure.webservices.client.MockWebServiceServerTestExecutionListener, org.springframework.boot.test.mock.mockito.MockitoTestExecutionListener, org.springframework.boot.test.mock.mockito.ResetMocksTestExecutionListener, org.springframework.test.context.web.ServletTestExecutionListener, org.springframework.test.context.support.DirtiesContextBeforeModesTestExecutionListener, org.springframework.test.context.event.ApplicationEventsTestExecutionListener, org.springframework.test.context.support.DependencyInjectionTestExecutionListener, org.springframework.test.context.support.DirtiesContextTestExecutionListener, org.springframework.test.context.transaction.TransactionalTestExecutionListener, org.springframework.test.context.jdbc.SqlScriptsTestExecutionListener, org.springframework.test.context.event.EventPublishingTestExecutionListener]
2022-11-04 00:22:25.263  INFO 3838 --- [    Test worker] .b.t.a.w.s.WebMvcTestContextBootstrapper : Using TestExecutionListeners: [org.springframework.test.context.web.ServletTestExecutionListener@3a80c534, org.springframework.test.context.support.DirtiesContextBeforeModesTestExecutionListener@fd5689d, org.springframework.test.context.event.ApplicationEventsTestExecutionListener@36e3321e, org.springframework.boot.test.mock.mockito.MockitoTestExecutionListener@218f2f51, org.springframework.boot.test.autoconfigure.SpringBootDependencyInjectionTestExecutionListener@1d9af731, org.springframework.test.context.support.DirtiesContextTestExecutionListener@39afe59f, org.springframework.test.context.event.EventPublishingTestExecutionListener@16f34376, org.springframework.boot.test.autoconfigure.restdocs.RestDocsTestExecutionListener@4ede035e, org.springframework.boot.test.autoconfigure.web.client.MockRestServiceServerResetTestExecutionListener@43756cb, org.springframework.boot.test.autoconfigure.web.servlet.MockMvcPrintOnlyOnFailureTestExecutionListener@4272d8cf, org.springframework.boot.test.autoconfigure.web.servlet.WebDriverTestExecutionListener@4e96cb04, org.springframework.boot.test.autoconfigure.webservices.client.MockWebServiceServerTestExecutionListener@70ecf57b, org.springframework.boot.test.mock.mockito.ResetMocksTestExecutionListener@4e5364a3]

  .   ____          _            __ _ _
 /\\ / ___'_ __ _ _(_)_ __  __ _ \ \ \ \
( ( )\___ | '_ | '_| | '_ \/ _` | \ \ \ \
 \\/  ___)| |_)| | | | | || (_| |  ) ) ) )
  '  |____| .__|_| |_|_| |_\__, | / / / /
 =========|_|==============|___/=/_/_/_/
 :: Spring Boot ::                (v2.7.5)

2022-11-04 00:22:25.349  INFO 3838 --- [    Test worker] c.e.T.controller.HomeControllerTest      : Starting HomeControllerTest using Java 11.0.14.1 on joui-MacBookAir.local with PID 3838 (started by jo in /Users/jo/TacoCloud)
2022-11-04 00:22:25.351  INFO 3838 --- [    Test worker] c.e.T.controller.HomeControllerTest      : No active profile set, falling back to 1 default profile: "default"
2022-11-04 00:22:26.722  INFO 3838 --- [    Test worker] o.s.b.t.m.w.SpringBootMockServletContext : Initializing Spring TestDispatcherServlet ''
2022-11-04 00:22:26.723  INFO 3838 --- [    Test worker] o.s.t.web.servlet.TestDispatcherServlet  : Initializing Servlet ''
2022-11-04 00:22:26.728  INFO 3838 --- [    Test worker] o.s.t.web.servlet.TestDispatcherServlet  : Completed initialization in 5 ms
2022-11-04 00:22:26.783  INFO 3838 --- [    Test worker] c.e.T.controller.HomeControllerTest      : Started HomeControllerTest in 1.514 seconds (JVM running for 11.503)
]]></system-out>
  <system-err><![CDATA[]]></system-err>
</testsuite>
