<?xml version="1.0" encoding="UTF-8"?>
<testsuite name="com.example.TacoCloud.controller.HomeControllerTest" tests="1" skipped="0" failures="0" errors="0" timestamp="2022-11-03T15:17:04" hostname="joui-MacBookAir.local" time="0.057">
  <properties/>
  <testcase name="home()" classname="com.example.TacoCloud.controller.HomeControllerTest" time="0.057"/>
  <system-out><![CDATA[2022-11-04 00:17:03.562  INFO 3497 --- [    Test worker] .b.t.a.w.s.WebMvcTestContextBootstrapper : Neither @ContextConfiguration nor @ContextHierarchy found for test class [com.example.TacoCloud.controller.HomeControllerTest], using SpringBootContextLoader
2022-11-04 00:17:03.565  INFO 3497 --- [    Test worker] o.s.t.c.support.AbstractContextLoader    : Could not detect default resource locations for test class [com.example.TacoCloud.controller.HomeControllerTest]: no resource found for suffixes {-context.xml, Context.groovy}.
2022-11-04 00:17:03.565  INFO 3497 --- [    Test worker] t.c.s.AnnotationConfigContextLoaderUtils : Could not detect default configuration classes for test class [com.example.TacoCloud.controller.HomeControllerTest]: HomeControllerTest does not declare any static, non-private, non-final, nested classes annotated with @Configuration.
2022-11-04 00:17:03.591  INFO 3497 --- [    Test worker] .b.t.c.SpringBootTestContextBootstrapper : Found @SpringBootConfiguration com.example.TacoCloud.TacoCloudApplication for test class com.example.TacoCloud.controller.HomeControllerTest
2022-11-04 00:17:03.594  INFO 3497 --- [    Test worker] .b.t.a.w.s.WebMvcTestContextBootstrapper : Loaded default TestExecutionListener class names from location [META-INF/spring.factories]: [org.springframework.boot.test.autoconfigure.restdocs.RestDocsTestExecutionListener, org.springframework.boot.test.autoconfigure.web.client.MockRestServiceServerResetTestExecutionListener, org.springframework.boot.test.autoconfigure.web.servlet.MockMvcPrintOnlyOnFailureTestExecutionListener, org.springframework.boot.test.autoconfigure.web.servlet.WebDriverTestExecutionListener, org.springframework.boot.test.autoconfigure.webservices.client.MockWebServiceServerTestExecutionListener, org.springframework.boot.test.mock.mockito.MockitoTestExecutionListener, org.springframework.boot.test.mock.mockito.ResetMocksTestExecutionListener, org.springframework.test.context.web.ServletTestExecutionListener, org.springframework.test.context.support.DirtiesContextBeforeModesTestExecutionListener, org.springframework.test.context.event.ApplicationEventsTestExecutionListener, org.springframework.test.context.support.DependencyInjectionTestExecutionListener, org.springframework.test.context.support.DirtiesContextTestExecutionListener, org.springframework.test.context.transaction.TransactionalTestExecutionListener, org.springframework.test.context.jdbc.SqlScriptsTestExecutionListener, org.springframework.test.context.event.EventPublishingTestExecutionListener]
2022-11-04 00:17:03.596  INFO 3497 --- [    Test worker] .b.t.a.w.s.WebMvcTestContextBootstrapper : Using TestExecutionListeners: [org.springframework.test.context.web.ServletTestExecutionListener@55c03e4, org.springframework.test.context.support.DirtiesContextBeforeModesTestExecutionListener@14df5253, org.springframework.test.context.event.ApplicationEventsTestExecutionListener@605eb072, org.springframework.boot.test.mock.mockito.MockitoTestExecutionListener@7a0f06ad, org.springframework.boot.test.autoconfigure.SpringBootDependencyInjectionTestExecutionListener@1fa9692b, org.springframework.test.context.support.DirtiesContextTestExecutionListener@710afd47, org.springframework.test.context.event.EventPublishingTestExecutionListener@64420e34, org.springframework.boot.test.autoconfigure.restdocs.RestDocsTestExecutionListener@667a467f, org.springframework.boot.test.autoconfigure.web.client.MockRestServiceServerResetTestExecutionListener@324e8baa, org.springframework.boot.test.autoconfigure.web.servlet.MockMvcPrintOnlyOnFailureTestExecutionListener@1488a861, org.springframework.boot.test.autoconfigure.web.servlet.WebDriverTestExecutionListener@604f376a, org.springframework.boot.test.autoconfigure.webservices.client.MockWebServiceServerTestExecutionListener@5432dca2, org.springframework.boot.test.mock.mockito.ResetMocksTestExecutionListener@12670e55]

  .   ____          _            __ _ _
 /\\ / ___'_ __ _ _(_)_ __  __ _ \ \ \ \
( ( )\___ | '_ | '_| | '_ \/ _` | \ \ \ \
 \\/  ___)| |_)| | | | | || (_| |  ) ) ) )
  '  |____| .__|_| |_|_| |_\__, | / / / /
 =========|_|==============|___/=/_/_/_/
 :: Spring Boot ::                (v2.7.5)

2022-11-04 00:17:03.665  INFO 3497 --- [    Test worker] c.e.T.controller.HomeControllerTest      : Starting HomeControllerTest using Java 11.0.14.1 on joui-MacBookAir.local with PID 3497 (started by jo in /Users/jo/TacoCloud)
2022-11-04 00:17:03.667  INFO 3497 --- [    Test worker] c.e.T.controller.HomeControllerTest      : No active profile set, falling back to 1 default profile: "default"
2022-11-04 00:17:04.290  INFO 3497 --- [    Test worker] o.s.b.t.m.w.SpringBootMockServletContext : Initializing Spring TestDispatcherServlet ''
2022-11-04 00:17:04.290  INFO 3497 --- [    Test worker] o.s.t.web.servlet.TestDispatcherServlet  : Initializing Servlet ''
2022-11-04 00:17:04.291  INFO 3497 --- [    Test worker] o.s.t.web.servlet.TestDispatcherServlet  : Completed initialization in 1 ms
2022-11-04 00:17:04.306  INFO 3497 --- [    Test worker] c.e.T.controller.HomeControllerTest      : Started HomeControllerTest in 0.702 seconds (JVM running for 7.827)
]]></system-out>
  <system-err><![CDATA[]]></system-err>
</testsuite>
