<?xml version="1.0" encoding="UTF-8"?>
<testsuite name="com.example.TacoCloud.controller.OrderControllerTest" tests="3" skipped="0" failures="0" errors="0" timestamp="2022-11-03T15:22:27" hostname="joui-MacBookAir.local" time="0.239">
  <properties/>
  <testcase name="orderForm()" classname="com.example.TacoCloud.controller.OrderControllerTest" time="0.092"/>
  <testcase name="processOrderHasValidationError()" classname="com.example.TacoCloud.controller.OrderControllerTest" time="0.119"/>
  <testcase name="processOrder()" classname="com.example.TacoCloud.controller.OrderControllerTest" time="0.02"/>
  <system-out><![CDATA[2022-11-04 00:22:26.989  INFO 3838 --- [    Test worker] .b.t.a.w.s.WebMvcTestContextBootstrapper : Neither @ContextConfiguration nor @ContextHierarchy found for test class [com.example.TacoCloud.controller.OrderControllerTest], using SpringBootContextLoader
2022-11-04 00:22:26.993  INFO 3838 --- [    Test worker] o.s.t.c.support.AbstractContextLoader    : Could not detect default resource locations for test class [com.example.TacoCloud.controller.OrderControllerTest]: no resource found for suffixes {-context.xml, Context.groovy}.
2022-11-04 00:22:26.995  INFO 3838 --- [    Test worker] t.c.s.AnnotationConfigContextLoaderUtils : Could not detect default configuration classes for test class [com.example.TacoCloud.controller.OrderControllerTest]: OrderControllerTest does not declare any static, non-private, non-final, nested classes annotated with @Configuration.
2022-11-04 00:22:27.024  INFO 3838 --- [    Test worker] .b.t.c.SpringBootTestContextBootstrapper : Found @SpringBootConfiguration com.example.TacoCloud.TacoCloudApplication for test class com.example.TacoCloud.controller.OrderControllerTest
2022-11-04 00:22:27.027  INFO 3838 --- [    Test worker] .b.t.a.w.s.WebMvcTestContextBootstrapper : Loaded default TestExecutionListener class names from location [META-INF/spring.factories]: [org.springframework.boot.test.autoconfigure.restdocs.RestDocsTestExecutionListener, org.springframework.boot.test.autoconfigure.web.client.MockRestServiceServerResetTestExecutionListener, org.springframework.boot.test.autoconfigure.web.servlet.MockMvcPrintOnlyOnFailureTestExecutionListener, org.springframework.boot.test.autoconfigure.web.servlet.WebDriverTestExecutionListener, org.springframework.boot.test.autoconfigure.webservices.client.MockWebServiceServerTestExecutionListener, org.springframework.boot.test.mock.mockito.MockitoTestExecutionListener, org.springframework.boot.test.mock.mockito.ResetMocksTestExecutionListener, org.springframework.test.context.web.ServletTestExecutionListener, org.springframework.test.context.support.DirtiesContextBeforeModesTestExecutionListener, org.springframework.test.context.event.ApplicationEventsTestExecutionListener, org.springframework.test.context.support.DependencyInjectionTestExecutionListener, org.springframework.test.context.support.DirtiesContextTestExecutionListener, org.springframework.test.context.transaction.TransactionalTestExecutionListener, org.springframework.test.context.jdbc.SqlScriptsTestExecutionListener, org.springframework.test.context.event.EventPublishingTestExecutionListener]
2022-11-04 00:22:27.028  INFO 3838 --- [    Test worker] .b.t.a.w.s.WebMvcTestContextBootstrapper : Using TestExecutionListeners: [org.springframework.test.context.web.ServletTestExecutionListener@2579d8a, org.springframework.test.context.support.DirtiesContextBeforeModesTestExecutionListener@2507a170, org.springframework.test.context.event.ApplicationEventsTestExecutionListener@7e20f4e3, org.springframework.boot.test.mock.mockito.MockitoTestExecutionListener@3af39e7b, org.springframework.boot.test.autoconfigure.SpringBootDependencyInjectionTestExecutionListener@4f6ff62, org.springframework.test.context.support.DirtiesContextTestExecutionListener@1c62d2ad, org.springframework.test.context.event.EventPublishingTestExecutionListener@651caa2e, org.springframework.boot.test.autoconfigure.restdocs.RestDocsTestExecutionListener@433ae0b0, org.springframework.boot.test.autoconfigure.web.client.MockRestServiceServerResetTestExecutionListener@70840a5a, org.springframework.boot.test.autoconfigure.web.servlet.MockMvcPrintOnlyOnFailureTestExecutionListener@7af9595d, org.springframework.boot.test.autoconfigure.web.servlet.WebDriverTestExecutionListener@7a34c1f6, org.springframework.boot.test.autoconfigure.webservices.client.MockWebServiceServerTestExecutionListener@6e9f8160, org.springframework.boot.test.mock.mockito.ResetMocksTestExecutionListener@3e998033]

  .   ____          _            __ _ _
 /\\ / ___'_ __ _ _(_)_ __  __ _ \ \ \ \
( ( )\___ | '_ | '_| | '_ \/ _` | \ \ \ \
 \\/  ___)| |_)| | | | | || (_| |  ) ) ) )
  '  |____| .__|_| |_|_| |_\__, | / / / /
 =========|_|==============|___/=/_/_/_/
 :: Spring Boot ::                (v2.7.5)

2022-11-04 00:22:27.099  INFO 3838 --- [    Test worker] c.e.T.controller.OrderControllerTest     : Starting OrderControllerTest using Java 11.0.14.1 on joui-MacBookAir.local with PID 3838 (started by jo in /Users/jo/TacoCloud)
2022-11-04 00:22:27.100  INFO 3838 --- [    Test worker] c.e.T.controller.OrderControllerTest     : No active profile set, falling back to 1 default profile: "default"
2022-11-04 00:22:27.838  INFO 3838 --- [    Test worker] o.s.b.t.m.w.SpringBootMockServletContext : Initializing Spring TestDispatcherServlet ''
2022-11-04 00:22:27.841  INFO 3838 --- [    Test worker] o.s.t.web.servlet.TestDispatcherServlet  : Initializing Servlet ''
2022-11-04 00:22:27.843  INFO 3838 --- [    Test worker] o.s.t.web.servlet.TestDispatcherServlet  : Completed initialization in 2 ms
2022-11-04 00:22:27.864  INFO 3838 --- [    Test worker] c.e.T.controller.OrderControllerTest     : Started OrderControllerTest in 0.832 seconds (JVM running for 12.583)
2022-11-04 00:22:28.098  INFO 3838 --- [    Test worker] c.e.T.controller.OrderController         : Order submitted: com.example.TacoCloud.domain.Order@54d35ed5

MockHttpServletRequest:
      HTTP Method = POST
      Request URI = /orders
       Parameters = {deliveryName=[haha], deliveryStreet=[haha], deliveryCity=[haha], deliveryState=[haha], deliveryZip=[haha], ccNumber=[371449635398431], ccExpiration=[07/95], ccCVV=[23]}
          Headers = []
             Body = null
    Session Attrs = {}

Handler:
             Type = com.example.TacoCloud.controller.OrderController
           Method = com.example.TacoCloud.controller.OrderController#processOrder(Order, Errors)

Async:
    Async started = false
     Async result = null

Resolved Exception:
             Type = null

ModelAndView:
        View name = redirect:/
             View = null
            Model = null

FlashMap:
       Attributes = null

MockHttpServletResponse:
           Status = 302
    Error message = null
          Headers = [Content-Language:"en", Location:"/"]
     Content type = null
             Body = 
    Forwarded URL = null
   Redirected URL = /
          Cookies = []
]]></system-out>
  <system-err><![CDATA[]]></system-err>
</testsuite>
